<?xml version="1.0" encoding="UTF-8"?>
<testsuite name="org.carrental.service.CarServiceTest" tests="1" skipped="0" failures="0" errors="0" timestamp="2023-11-05T15:42:40" hostname="GDA311-13" time="0.065">
  <properties/>
  <testcase name="shouldReturnOnlyAvailableCars()" classname="org.carrental.service.CarServiceTest" time="0.065"/>
  <system-out><![CDATA[WARN StatusConsoleListener The use of package scanning to locate plugins is deprecated and will be removed in a future release
WARN StatusConsoleListener The use of package scanning to locate plugins is deprecated and will be removed in a future release
WARN StatusConsoleListener The use of package scanning to locate plugins is deprecated and will be removed in a future release
WARN StatusConsoleListener The use of package scanning to locate plugins is deprecated and will be removed in a future release
16:42:40.772 [Test worker] INFO  org.carrental.service.CarService - Validating car data
16:42:40.779 [Test worker] INFO  org.carrental.service.CarService - Creating new car
16:42:40.783 [Test worker] INFO  org.carrental.service.CarService - Validating car data
16:42:40.783 [Test worker] INFO  org.carrental.service.CarService - Creating new car
16:42:40.783 [Test worker] INFO  org.carrental.service.CarService - Validating car data
16:42:40.783 [Test worker] INFO  org.carrental.service.CarService - Creating new car
16:42:40.783 [Test worker] INFO  org.carrental.service.CarService - Getting available cars
]]></system-out>
  <system-err><![CDATA[]]></system-err>
</testsuite>
